<?xml version="1.0" encoding="UTF-8"?>
<!-- Generated by org.testng.reporters.JUnitReportReporter -->
<testsuite hostname="DESKTOP-1I2RTCU" failures="1" tests="1" name="TestClass.LoginPageTest" time="0.810" errors="0" timestamp="2020-12-23T10:51:56 IST" skipped="0">
  <testcase classname="TestClass.LoginPageTest" name="atTest" time="0.810">
    <failure message="expected [true] but found [false]" type="java.lang.AssertionError">
      <![CDATA[java.lang.AssertionError: expected [true] but found [false]
at TestClass.LoginPageTest.atTest(LoginPageTest.java:29)
]]>
    </failure>
  </testcase> <!-- atTest -->
  <system-out/>
</testsuite> <!-- TestClass.LoginPageTest -->
