<?xml version="1.0" encoding="UTF-8"?>
<!-- Generated by org.testng.reporters.JUnitReportReporter -->
<testsuite hostname="DESKTOP-1I2RTCU" failures="0" tests="1" name="TestClass.LoginPageTest" time="2.996" errors="0" timestamp="2020-12-24T11:31:52 IST" skipped="0">
  <testcase classname="TestClass.LoginPageTest" name="atTest" time="2.996"/>
  <system-out/>
</testsuite> <!-- TestClass.LoginPageTest -->
